0 info it worked if it ends with ok
1 verbose cli [ 'C:\\devel\\nodejs\\\\node.exe',
1 verbose cli   'C:\\devel\\nodejs\\node_modules\\npm\\bin\\npm-cli.js',
1 verbose cli   'show',
1 verbose cli   'nodemob' ]
2 info using npm@1.4.28
3 info using node@v0.10.33
4 verbose node symlink C:\devel\nodejs\\node.exe
5 verbose request where is /nodemob
6 verbose request registry https://registry.npmjs.org/
7 verbose request id 33166dc5e9863541
8 verbose url raw /nodemob
9 verbose url resolving [ 'https://registry.npmjs.org/', './nodemob' ]
10 verbose url resolved https://registry.npmjs.org/nodemob
11 verbose request where is https://registry.npmjs.org/nodemob
12 info trying registry request attempt 1 at 15:11:47
13 http GET https://registry.npmjs.org/nodemob
14 http 404 https://registry.npmjs.org/nodemob
15 verbose headers { date: 'Thu, 02 Apr 2015 13:11:48 GMT',
15 verbose headers   server: 'CouchDB/1.5.0 (Erlang OTP/R16B03)',
15 verbose headers   'content-type': 'application/json',
15 verbose headers   'cache-control': 'max-age=0',
15 verbose headers   'content-length': '51',
15 verbose headers   'accept-ranges': 'bytes',
15 verbose headers   via: '1.1 varnish',
15 verbose headers   age: '0',
15 verbose headers   'x-served-by': 'cache-fra1230-FRA',
15 verbose headers   'x-cache': 'MISS',
15 verbose headers   'x-cache-hits': '0',
15 verbose headers   'x-timer': 'S1427980308.006721,VS0,VE685',
15 verbose headers   'keep-alive': 'timeout=10, max=50',
15 verbose headers   connection: 'Keep-Alive' }
16 silly registry.get cb [ 404,
16 silly registry.get   { date: 'Thu, 02 Apr 2015 13:11:48 GMT',
16 silly registry.get     server: 'CouchDB/1.5.0 (Erlang OTP/R16B03)',
16 silly registry.get     'content-type': 'application/json',
16 silly registry.get     'cache-control': 'max-age=0',
16 silly registry.get     'content-length': '51',
16 silly registry.get     'accept-ranges': 'bytes',
16 silly registry.get     via: '1.1 varnish',
16 silly registry.get     age: '0',
16 silly registry.get     'x-served-by': 'cache-fra1230-FRA',
16 silly registry.get     'x-cache': 'MISS',
16 silly registry.get     'x-cache-hits': '0',
16 silly registry.get     'x-timer': 'S1427980308.006721,VS0,VE685',
16 silly registry.get     'keep-alive': 'timeout=10, max=50',
16 silly registry.get     connection: 'Keep-Alive' } ]
17 error 404 404 Not Found: nodemob
17 error 404
17 error 404 'nodemob' is not in the npm registry.
17 error 404 You should bug the author to publish it
17 error 404
17 error 404 Note that you can also install from a
17 error 404 tarball, folder, or http url, or git url.
18 error System Windows_NT 6.1.7601
19 error command "C:\\devel\\nodejs\\\\node.exe" "C:\\devel\\nodejs\\node_modules\\npm\\bin\\npm-cli.js" "show" "nodemob"
20 error cwd c:\projects\uredky\node
21 error node -v v0.10.33
22 error npm -v 1.4.28
23 error code E404
24 verbose exit [ 1, true ]
